6.12e+02
6.37e+02
6.15e+02
5.91e+02
5.85e+02
6.07e+02
5.99e+02
6.16e+02
5.99e+02
5.78e+02
6.07e+02
5.90e+02
5.93e+02
6.00e+02
5.99e+02
5.80e+02
5.96e+02
6.04e+02
5.51e+02
5.01e+02
5.23e+02
6.12e+02
6.12e+02
6.05e+02
5.97e+02
5.90e+02
5.45e+02
4.35e+02
2.08e+02
7.78e+00
4.58e+00
2.95e+00
2.32e+00
3.10e+01
2.18e+00
4.03e+00
6.58e+00
8.08e+00
1.01e+01
2.96e+02
4.42e+02
5.32e+02
5.59e+02
5.65e+02
5.67e+02
5.43e+02
4.75e+02
4.60e+02
4.92e+02
5.65e+02
5.64e+02
5.55e+02
5.46e+02
5.44e+02
5.65e+02
5.58e+02
5.64e+02
5.52e+02
5.47e+02
5.81e+02
5.78e+02
5.80e+02
5.54e+02
5.51e+02
5.74e+02
5.93e+02
5.75e+02
