5.07e+02
5.12e+02
5.13e+02
5.13e+02
5.13e+02
5.14e+02
5.16e+02
5.19e+02
5.23e+02
5.28e+02
5.18e+02
5.15e+02
5.14e+02
5.04e+02
4.65e+02
4.45e+02
4.18e+02
4.04e+02
3.97e+02
3.93e+02
3.92e+02
3.89e+02
3.87e+02
3.78e+02
3.52e+02
2.91e+02
1.87e+02
1.19e+01
9.83e+00
8.66e+00
6.38e+00
3.82e+00
2.01e+00
1.90e+01
2.16e+00
3.32e+00
5.28e+00
6.98e+00
9.95e+00
9.33e+01
1.81e+02
2.85e+02
3.49e+02
3.73e+02
3.86e+02
3.88e+02
3.93e+02
3.92e+02
3.96e+02
3.98e+02
4.09e+02
4.28e+02
4.50e+02
4.87e+02
4.95e+02
4.87e+02
4.88e+02
4.85e+02
4.81e+02
4.78e+02
4.86e+02
4.80e+02
4.79e+02
4.82e+02
4.78e+02
4.75e+02
4.75e+02
