-2.00e+00
-1.94e+00
-1.88e+00
-1.82e+00
-1.76e+00
-1.70e+00
-1.64e+00
-1.58e+00
-1.52e+00
-1.45e+00
-1.39e+00
-1.33e+00
-1.27e+00
-1.21e+00
-1.15e+00
-1.09e+00
-1.03e+00
-9.70e-01
-9.09e-01
-8.48e-01
-7.88e-01
-7.27e-01
-6.67e-01
-6.06e-01
-5.45e-01
-4.85e-01
-4.24e-01
-3.64e-01
-3.03e-01
-2.42e-01
-1.82e-01
-1.21e-01
-6.06e-02
0.00e+00
6.06e-02
1.21e-01
1.82e-01
2.42e-01
3.03e-01
3.64e-01
4.24e-01
4.85e-01
5.45e-01
6.06e-01
6.67e-01
7.27e-01
7.88e-01
8.48e-01
9.09e-01
9.70e-01
1.03e+00
1.09e+00
1.15e+00
1.21e+00
1.27e+00
1.33e+00
1.39e+00
1.45e+00
1.52e+00
1.58e+00
1.64e+00
1.70e+00
1.76e+00
1.82e+00
1.88e+00
1.94e+00
2.00e+00
