6.16e+02
5.69e+02
5.94e+02
5.79e+02
5.55e+02
6.23e+02
5.77e+02
6.49e+02
7.35e+02
6.42e+02
5.91e+02
5.79e+02
6.19e+02
5.72e+02
5.71e+02
5.67e+02
5.65e+02
6.80e+02
5.85e+02
5.98e+02
5.92e+02
5.60e+02
5.62e+02
6.11e+02
5.70e+02
5.08e+02
4.34e+02
3.32e+02
2.22e+02
5.21e+00
3.44e+00
2.90e+00
3.30e+00
3.71e+01
2.40e+00
2.04e+00
2.55e+00
4.56e+00
2.60e+02
3.44e+02
4.34e+02
5.04e+02
5.86e+02
6.32e+02
6.64e+02
6.90e+02
7.08e+02
7.00e+02
7.00e+02
7.01e+02
7.01e+02
6.96e+02
6.89e+02
6.87e+02
6.86e+02
6.87e+02
6.88e+02
6.88e+02
6.88e+02
6.88e+02
6.89e+02
6.89e+02
6.89e+02
6.89e+02
6.90e+02
6.90e+02
6.90e+02
