6.66e+01
5.78e+01
5.80e+01
5.78e+01
5.86e+01
5.79e+01
5.78e+01
5.69e+01
5.99e+01
5.78e+01
5.86e+01
5.89e+01
6.13e+01
5.74e+01
5.91e+01
6.15e+01
5.89e+01
5.48e+01
5.63e+01
6.21e+01
5.74e+01
5.71e+01
5.76e+01
5.69e+01
5.81e+01
6.95e+01
7.44e+01
7.94e+01
1.22e+02
1.40e+02
1.87e+02
7.97e+01
5.20e+00
3.66e+01
2.52e+00
2.79e+00
4.96e+00
7.07e+00
1.11e+01
1.19e+01
1.24e+01
1.33e+01
1.19e+01
1.92e+01
2.61e+01
4.68e+01
5.12e+01
4.30e+01
5.54e+01
5.59e+01
5.62e+01
5.40e+01
5.27e+01
5.49e+01
5.36e+01
5.32e+01
5.73e+01
5.78e+01
5.57e+01
5.98e+01
6.00e+01
6.01e+01
5.98e+01
6.03e+01
5.82e+01
5.68e+01
6.14e+01
